This is XeTeX, Version 3.141592653-2.6-0.999997 (MiKTeX 25.12) (preloaded format=xelatex 2026.4.28)  3 MAY 2026 08:51
entering extended mode
 restricted \write18 enabled.
 %&-line parsing enabled.
**C:/Users/ADMINI~1/AppData/Local/Temp/gerryfan_cv_cn_build/cv-cn.tex

! Emergency stop.
<to be read again> 
                   \protect 
<*> C:/Users/ADMINI~
                    1/AppData/Local/Temp/gerryfan_cv_cn_build/cv-cn.tex
*** (job aborted, file error in nonstop mode)

 
Here is how much of TeX's memory you used:
 4 strings out of 402987
 185 string characters out of 5446868
 426385 words of memory out of 5000000
 28800 multiletter control sequences out of 15000+600000
 627721 words of font info for 40 fonts, out of 8000000 for 9000
 1348 hyphenation exceptions out of 8191
 2i,0n,0p,1b,6s stack positions out of 10000i,1000n,20000p,200000b,200000s
No pages of output.
